<?xml version="1.0" encoding="UTF-8"?>
<testsuite xmlns:xsi="http://www.w3.org/2001/XMLSchema-instance" xsi:noNamespaceSchemaLocation="https://maven.apache.org/surefire/maven-surefire-plugin/xsd/surefire-test-report-3.0.xsd" version="3.0" name="com.mycompany.model.PayrollTest" time="0.107" tests="35" errors="0" skipped="0" failures="0">
  <properties>
    <property name="java.specification.version" value="17"/>
    <property name="sun.cpu.isalist" value="amd64"/>
    <property name="sun.jnu.encoding" value="Cp1252"/>
    <property name="java.class.path" value="D:\CQU\t2y23\COIT20258\GIN_Payroll\target\test-classes;C:\Users\aavin\.m2\repository\org\openjfx\javafx-controls\13\javafx-controls-13.jar;C:\Users\aavin\.m2\repository\org\openjfx\javafx-graphics\13\javafx-graphics-13.jar;C:\Users\aavin\.m2\repository\org\openjfx\javafx-base\13\javafx-base-13.jar;C:\Users\aavin\.m2\repository\org\openjfx\javafx-fxml\13\javafx-fxml-13.jar;C:\Users\aavin\.m2\repository\org\junit\jupiter\junit-jupiter-api\5.6.0\junit-jupiter-api-5.6.0.jar;C:\Users\aavin\.m2\repository\org\apiguardian\apiguardian-api\1.1.0\apiguardian-api-1.1.0.jar;C:\Users\aavin\.m2\repository\org\opentest4j\opentest4j\1.2.0\opentest4j-1.2.0.jar;C:\Users\aavin\.m2\repository\org\junit\platform\junit-platform-commons\1.6.0\junit-platform-commons-1.6.0.jar;C:\Users\aavin\.m2\repository\org\junit\jupiter\junit-jupiter-params\5.6.0\junit-jupiter-params-5.6.0.jar;C:\Users\aavin\.m2\repository\org\junit\jupiter\junit-jupiter-engine\5.6.0\junit-jupiter-engine-5.6.0.jar;C:\Users\aavin\.m2\repository\org\junit\platform\junit-platform-engine\1.6.0\junit-platform-engine-1.6.0.jar;C:\Users\aavin\.m2\repository\com\mysql\mysql-connector-j\8.0.33\mysql-connector-j-8.0.33.jar;C:\Users\aavin\.m2\repository\com\google\protobuf\protobuf-java\3.21.9\protobuf-java-3.21.9.jar;C:\Users\aavin\.m2\repository\org\testng\testng\6.8.1\testng-6.8.1.jar;C:\Users\aavin\.m2\repository\junit\junit\4.10\junit-4.10.jar;C:\Users\aavin\.m2\repository\org\hamcrest\hamcrest-core\1.1\hamcrest-core-1.1.jar;C:\Users\aavin\.m2\repository\org\beanshell\bsh\2.0b4\bsh-2.0b4.jar;C:\Users\aavin\.m2\repository\com\beust\jcommander\1.27\jcommander-1.27.jar;C:\Users\aavin\.m2\repository\org\yaml\snakeyaml\1.6\snakeyaml-1.6.jar;"/>
    <property name="java.vm.vendor" value="Oracle Corporation"/>
    <property name="sun.arch.data.model" value="64"/>
    <property name="user.variant" value=""/>
    <property name="java.vendor.url" value="https://java.oracle.com/"/>
    <property name="user.timezone" value="Australia/Sydney"/>
    <property name="os.name" value="Windows 11"/>
    <property name="java.vm.specification.version" value="17"/>
    <property name="user.country" value="AU"/>
    <property name="sun.java.launcher" value="SUN_STANDARD"/>
    <property name="sun.boot.library.path" value="C:\Program Files\Java\jdk-17\bin"/>
    <property name="sun.java.command" value="org.apache.maven.surefire.booter.ForkedBooter C:\Users\aavin\AppData\Local\Temp\surefire10219385839440373919 2023-09-11T21-42-47_016-jvmRun1 surefire-20230911214247391_1tmp surefire_0-20230911214247391_2tmp"/>
    <property name="jdk.debug" value="release"/>
    <property name="test" value="com.mycompany.model.PayrollTest"/>
    <property name="surefire.test.class.path" value="D:\CQU\t2y23\COIT20258\GIN_Payroll\target\test-classes;C:\Users\aavin\.m2\repository\org\openjfx\javafx-controls\13\javafx-controls-13.jar;C:\Users\aavin\.m2\repository\org\openjfx\javafx-graphics\13\javafx-graphics-13.jar;C:\Users\aavin\.m2\repository\org\openjfx\javafx-base\13\javafx-base-13.jar;C:\Users\aavin\.m2\repository\org\openjfx\javafx-fxml\13\javafx-fxml-13.jar;C:\Users\aavin\.m2\repository\org\junit\jupiter\junit-jupiter-api\5.6.0\junit-jupiter-api-5.6.0.jar;C:\Users\aavin\.m2\repository\org\apiguardian\apiguardian-api\1.1.0\apiguardian-api-1.1.0.jar;C:\Users\aavin\.m2\repository\org\opentest4j\opentest4j\1.2.0\opentest4j-1.2.0.jar;C:\Users\aavin\.m2\repository\org\junit\platform\junit-platform-commons\1.6.0\junit-platform-commons-1.6.0.jar;C:\Users\aavin\.m2\repository\org\junit\jupiter\junit-jupiter-params\5.6.0\junit-jupiter-params-5.6.0.jar;C:\Users\aavin\.m2\repository\org\junit\jupiter\junit-jupiter-engine\5.6.0\junit-jupiter-engine-5.6.0.jar;C:\Users\aavin\.m2\repository\org\junit\platform\junit-platform-engine\1.6.0\junit-platform-engine-1.6.0.jar;C:\Users\aavin\.m2\repository\com\mysql\mysql-connector-j\8.0.33\mysql-connector-j-8.0.33.jar;C:\Users\aavin\.m2\repository\com\google\protobuf\protobuf-java\3.21.9\protobuf-java-3.21.9.jar;C:\Users\aavin\.m2\repository\org\testng\testng\6.8.1\testng-6.8.1.jar;C:\Users\aavin\.m2\repository\junit\junit\4.10\junit-4.10.jar;C:\Users\aavin\.m2\repository\org\hamcrest\hamcrest-core\1.1\hamcrest-core-1.1.jar;C:\Users\aavin\.m2\repository\org\beanshell\bsh\2.0b4\bsh-2.0b4.jar;C:\Users\aavin\.m2\repository\com\beust\jcommander\1.27\jcommander-1.27.jar;C:\Users\aavin\.m2\repository\org\yaml\snakeyaml\1.6\snakeyaml-1.6.jar;"/>
    <property name="sun.cpu.endian" value="little"/>
    <property name="user.home" value="C:\Users\aavin"/>
    <property name="user.language" value="en"/>
    <property name="java.specification.vendor" value="Oracle Corporation"/>
    <property name="jdk.module.path" value="D:\CQU\t2y23\COIT20258\GIN_Payroll\target\classes;C:\Users\aavin\.m2\repository\org\openjfx\javafx-controls\13\javafx-controls-13-win.jar;C:\Users\aavin\.m2\repository\org\openjfx\javafx-graphics\13\javafx-graphics-13-win.jar;C:\Users\aavin\.m2\repository\org\openjfx\javafx-base\13\javafx-base-13-win.jar;C:\Users\aavin\.m2\repository\org\openjfx\javafx-fxml\13\javafx-fxml-13-win.jar;C:\Users\aavin\.m2\repository\org\mindrot\jbcrypt\0.4\jbcrypt-0.4.jar"/>
    <property name="java.version.date" value="2023-01-17"/>
    <property name="java.home" value="C:\Program Files\Java\jdk-17"/>
    <property name="file.separator" value="\"/>
    <property name="basedir" value="D:\CQU\t2y23\COIT20258\GIN_Payroll"/>
    <property name="java.vm.compressedOopsMode" value="Zero based"/>
    <property name="line.separator" value="&#10;"/>
    <property name="java.vm.specification.vendor" value="Oracle Corporation"/>
    <property name="java.specification.name" value="Java Platform API Specification"/>
    <property name="surefire.real.class.path" value="C:\Users\aavin\.m2\repository\org\apache\maven\surefire\surefire-booter\3.0.0\surefire-booter-3.0.0.jar;C:\Users\aavin\.m2\repository\org\apache\maven\surefire\surefire-api\3.0.0\surefire-api-3.0.0.jar;C:\Users\aavin\.m2\repository\org\apache\maven\surefire\surefire-extensions-spi\3.0.0\surefire-extensions-spi-3.0.0.jar;C:\Users\aavin\.m2\repository\org\apache\maven\surefire\surefire-logger-api\3.0.0\surefire-logger-api-3.0.0.jar;C:\Users\aavin\.m2\repository\org\apache\maven\surefire\surefire-shared-utils\3.0.0\surefire-shared-utils-3.0.0.jar;D:\CQU\t2y23\COIT20258\GIN_Payroll\target\test-classes;C:\Users\aavin\.m2\repository\org\openjfx\javafx-controls\13\javafx-controls-13.jar;C:\Users\aavin\.m2\repository\org\openjfx\javafx-graphics\13\javafx-graphics-13.jar;C:\Users\aavin\.m2\repository\org\openjfx\javafx-base\13\javafx-base-13.jar;C:\Users\aavin\.m2\repository\org\openjfx\javafx-fxml\13\javafx-fxml-13.jar;C:\Users\aavin\.m2\repository\org\junit\jupiter\junit-jupiter-api\5.6.0\junit-jupiter-api-5.6.0.jar;C:\Users\aavin\.m2\repository\org\apiguardian\apiguardian-api\1.1.0\apiguardian-api-1.1.0.jar;C:\Users\aavin\.m2\repository\org\opentest4j\opentest4j\1.2.0\opentest4j-1.2.0.jar;C:\Users\aavin\.m2\repository\org\junit\platform\junit-platform-commons\1.6.0\junit-platform-commons-1.6.0.jar;C:\Users\aavin\.m2\repository\org\junit\jupiter\junit-jupiter-params\5.6.0\junit-jupiter-params-5.6.0.jar;C:\Users\aavin\.m2\repository\org\junit\jupiter\junit-jupiter-engine\5.6.0\junit-jupiter-engine-5.6.0.jar;C:\Users\aavin\.m2\repository\org\junit\platform\junit-platform-engine\1.6.0\junit-platform-engine-1.6.0.jar;C:\Users\aavin\.m2\repository\com\mysql\mysql-connector-j\8.0.33\mysql-connector-j-8.0.33.jar;C:\Users\aavin\.m2\repository\com\google\protobuf\protobuf-java\3.21.9\protobuf-java-3.21.9.jar;C:\Users\aavin\.m2\repository\org\testng\testng\6.8.1\testng-6.8.1.jar;C:\Users\aavin\.m2\repository\junit\junit\4.10\junit-4.10.jar;C:\Users\aavin\.m2\repository\org\hamcrest\hamcrest-core\1.1\hamcrest-core-1.1.jar;C:\Users\aavin\.m2\repository\org\beanshell\bsh\2.0b4\bsh-2.0b4.jar;C:\Users\aavin\.m2\repository\com\beust\jcommander\1.27\jcommander-1.27.jar;C:\Users\aavin\.m2\repository\org\yaml\snakeyaml\1.6\snakeyaml-1.6.jar;C:\Users\aavin\.m2\repository\org\apache\maven\surefire\surefire-junit-platform\3.0.0\surefire-junit-platform-3.0.0.jar;C:\Users\aavin\.m2\repository\org\apache\maven\surefire\common-java5\3.0.0\common-java5-3.0.0.jar;C:\Users\aavin\.m2\repository\org\junit\platform\junit-platform-launcher\1.6.0\junit-platform-launcher-1.6.0.jar"/>
    <property name="user.script" value=""/>
    <property name="sun.management.compiler" value="HotSpot 64-Bit Tiered Compilers"/>
    <property name="java.runtime.version" value="17.0.6+9-LTS-190"/>
    <property name="user.name" value="aavin"/>
    <property name="path.separator" value=";"/>
    <property name="os.version" value="10.0"/>
    <property name="java.runtime.name" value="Java(TM) SE Runtime Environment"/>
    <property name="file.encoding" value="UTF-8"/>
    <property name="java.vm.name" value="Java HotSpot(TM) 64-Bit Server VM"/>
    <property name="maven.ext.class.path" value="C:\Program Files\NetBeans-17\netbeans\java\maven-nblib\netbeans-eventspy.jar;C:\Program Files\NetBeans-17\netbeans\java\maven-nblib\netbeans-eventspy.jar"/>
    <property name="localRepository" value="C:\Users\aavin\.m2\repository"/>
    <property name="java.vendor.url.bug" value="https://bugreport.java.com/bugreport/"/>
    <property name="java.io.tmpdir" value="C:\Users\aavin\AppData\Local\Temp\"/>
    <property name="java.version" value="17.0.6"/>
    <property name="user.dir" value="D:\CQU\t2y23\COIT20258\GIN_Payroll"/>
    <property name="os.arch" value="amd64"/>
    <property name="java.vm.specification.name" value="Java Virtual Machine Specification"/>
    <property name="sun.os.patch.level" value=""/>
    <property name="native.encoding" value="Cp1252"/>
    <property name="java.library.path" value="C:\Program Files\Java\jdk-17\bin;C:\WINDOWS\Sun\Java\bin;C:\WINDOWS\system32;C:\WINDOWS;C:\Program Files\Common Files\Oracle\Java\javapath;C:\Windows\system32;C:\Windows;C:\Windows\System32\Wbem;C:\Windows\System32\WindowsPowerShell\v1.0\;C:\Windows\System32\OpenSSH\;C:\Program Files (x86)\NVIDIA Corporation\PhysX\Common;C:\Program Files\NVIDIA Corporation\NVIDIA NvDLISR;C:\Program Files\dotnet\;C:\Program Files\Microsoft SQL Server\Client SDK\ODBC\170\Tools\Binn\;C:\Program Files (x86)\Microsoft SQL Server\150\Tools\Binn\;C:\Program Files\Microsoft SQL Server\150\Tools\Binn\;C:\Program Files\Microsoft SQL Server\150\DTS\Binn\;C:\Program Files (x86)\Microsoft SQL Server\150\DTS\Binn\;C:\Program Files\Azure Data Studio\bin;C:\Program Files\nodejs\;C:\WINDOWS\system32;C:\WINDOWS;C:\WINDOWS\System32\Wbem;C:\WINDOWS\System32\WindowsPowerShell\v1.0\;C:\WINDOWS\System32\OpenSSH\;C:\Program Files\Git\cmd;C:\CTeaching\glassfish7\bin;C:\CTeaching\glassfish7\glassfish\bin;C:\Program Files\MySQL\MySQL Shell 8.0\bin\;C:\Users\aavin\AppData\Local\Microsoft\WindowsApps;;C:\Users\aavin\AppData\Local\Programs\Microsoft VS Code\bin;C:\Program Files\Azure Data Studio\bin;C:\Users\aavin\AppData\Roaming\npm;C:\Program Files\JetBrains\IntelliJ IDEA 232.7754.73\bin;;."/>
    <property name="java.vm.info" value="mixed mode"/>
    <property name="java.vendor" value="Oracle Corporation"/>
    <property name="java.vm.version" value="17.0.6+9-LTS-190"/>
    <property name="sun.io.unicode.encoding" value="UnicodeLittle"/>
    <property name="java.class.version" value="61.0"/>
  </properties>
  <testcase name="testGetSuperAnnuation" classname="com.mycompany.model.PayrollTest" time="0.034"/>
  <testcase name="testSetEmployeeId" classname="com.mycompany.model.PayrollTest" time="0.001"/>
  <testcase name="testGetYtdNetPay" classname="com.mycompany.model.PayrollTest" time="0"/>
  <testcase name="testYtdCalculationWithNullLastPayroll" classname="com.mycompany.model.PayrollTest" time="0.001"/>
  <testcase name="testSetPayrollId" classname="com.mycompany.model.PayrollTest" time="0.001"/>
  <testcase name="testToString" classname="com.mycompany.model.PayrollTest" time="0.02"/>
  <testcase name="testCalculateIncomeTax" classname="com.mycompany.model.PayrollTest" time="0.001"/>
  <testcase name="testGetYear" classname="com.mycompany.model.PayrollTest" time="0.001"/>
  <testcase name="testGetPayDate" classname="com.mycompany.model.PayrollTest" time="0.001"/>
  <testcase name="testSetHoursWorked" classname="com.mycompany.model.PayrollTest" time="0.001"/>
  <testcase name="testSetYtdNetPay" classname="com.mycompany.model.PayrollTest" time="0.001"/>
  <testcase name="testSetTotalSalary" classname="com.mycompany.model.PayrollTest" time="0"/>
  <testcase name="testCalculateSuperannuation" classname="com.mycompany.model.PayrollTest" time="0"/>
  <testcase name="testGetPayWeekNum" classname="com.mycompany.model.PayrollTest" time="0.001"/>
  <testcase name="testYtdCalculationWithLastPayroll" classname="com.mycompany.model.PayrollTest" time="0.001"/>
  <testcase name="testSetYtdSuperAnnuation" classname="com.mycompany.model.PayrollTest" time="0.001"/>
  <testcase name="testSetYtdTotalSalary" classname="com.mycompany.model.PayrollTest" time="0"/>
  <testcase name="testGetPayrollId" classname="com.mycompany.model.PayrollTest" time="0"/>
  <testcase name="testSetNetPay" classname="com.mycompany.model.PayrollTest" time="0"/>
  <testcase name="testGetNetPay" classname="com.mycompany.model.PayrollTest" time="0"/>
  <testcase name="testGetTax" classname="com.mycompany.model.PayrollTest" time="0"/>
  <testcase name="testSetYtdTax" classname="com.mycompany.model.PayrollTest" time="0"/>
  <testcase name="testSetPayDate" classname="com.mycompany.model.PayrollTest" time="0.001"/>
  <testcase name="testGetYtdSuperAnnuation" classname="com.mycompany.model.PayrollTest" time="0.001"/>
  <testcase name="testSetCurrentHourlyRate" classname="com.mycompany.model.PayrollTest" time="0"/>
  <testcase name="testGetHoursWorked" classname="com.mycompany.model.PayrollTest" time="0"/>
  <testcase name="testSetSuperAnnuation" classname="com.mycompany.model.PayrollTest" time="0"/>
  <testcase name="testSetYear" classname="com.mycompany.model.PayrollTest" time="0.001"/>
  <testcase name="testSetPayWeekNum" classname="com.mycompany.model.PayrollTest" time="0"/>
  <testcase name="testGetYtdTax" classname="com.mycompany.model.PayrollTest" time="0"/>
  <testcase name="testGetTotalSalary" classname="com.mycompany.model.PayrollTest" time="0"/>
  <testcase name="testSetTax" classname="com.mycompany.model.PayrollTest" time="0"/>
  <testcase name="testGetEmployeeId" classname="com.mycompany.model.PayrollTest" time="0.001"/>
  <testcase name="testGetYtdTotalSalary" classname="com.mycompany.model.PayrollTest" time="0"/>
  <testcase name="testGetCurrentHourlyRate" classname="com.mycompany.model.PayrollTest" time="0"/>
</testsuite>